mode: count
github.com/SimplyVC/oasis_api_server/src/handlers/general_handler.go:13.51,18.2 3 0
github.com/SimplyVC/oasis_api_server/src/handlers/general_handler.go:21.60,31.35 6 0
github.com/SimplyVC/oasis_api_server/src/handlers/general_handler.go:36.2,36.74 1 0
github.com/SimplyVC/oasis_api_server/src/handlers/general_handler.go:31.35,34.3 2 0
github.com/SimplyVC/oasis_api_server/src/handlers/node_controller_handler.go:17.88,20.16 2 1
github.com/SimplyVC/oasis_api_server/src/handlers/node_controller_handler.go:24.2,24.41 1 1
github.com/SimplyVC/oasis_api_server/src/handlers/node_controller_handler.go:20.16,23.3 2 0
github.com/SimplyVC/oasis_api_server/src/handlers/node_controller_handler.go:28.58,34.27 4 2
github.com/SimplyVC/oasis_api_server/src/handlers/node_controller_handler.go:41.2,47.14 3 1
github.com/SimplyVC/oasis_api_server/src/handlers/node_controller_handler.go:53.2,54.15 2 1
github.com/SimplyVC/oasis_api_server/src/handlers/node_controller_handler.go:60.2,61.64 2 1
github.com/SimplyVC/oasis_api_server/src/handlers/node_controller_handler.go:34.27,38.3 2 1
github.com/SimplyVC/oasis_api_server/src/handlers/node_controller_handler.go:47.14,51.3 2 0
github.com/SimplyVC/oasis_api_server/src/handlers/node_controller_handler.go:54.15,58.3 3 0
github.com/SimplyVC/oasis_api_server/src/handlers/registry_handler.go:18.76,21.16 2 1
github.com/SimplyVC/oasis_api_server/src/handlers/registry_handler.go:25.2,25.35 1 1
github.com/SimplyVC/oasis_api_server/src/handlers/registry_handler.go:21.16,24.3 2 0
github.com/SimplyVC/oasis_api_server/src/handlers/registry_handler.go:29.58,35.27 4 3
github.com/SimplyVC/oasis_api_server/src/handlers/registry_handler.go:41.2,43.18 3 2
github.com/SimplyVC/oasis_api_server/src/handlers/registry_handler.go:50.2,56.14 3 1
github.com/SimplyVC/oasis_api_server/src/handlers/registry_handler.go:62.2,63.15 2 1
github.com/SimplyVC/oasis_api_server/src/handlers/registry_handler.go:69.2,70.66 2 1
github.com/SimplyVC/oasis_api_server/src/handlers/registry_handler.go:35.27,39.3 2 1
github.com/SimplyVC/oasis_api_server/src/handlers/registry_handler.go:43.18,47.3 2 1
github.com/SimplyVC/oasis_api_server/src/handlers/registry_handler.go:56.14,60.3 2 0
github.com/SimplyVC/oasis_api_server/src/handlers/registry_handler.go:63.15,67.3 3 0
github.com/SimplyVC/oasis_api_server/src/handlers/registry_handler.go:74.55,80.27 4 0
github.com/SimplyVC/oasis_api_server/src/handlers/registry_handler.go:86.2,88.18 3 0
github.com/SimplyVC/oasis_api_server/src/handlers/registry_handler.go:95.2,101.14 3 0
github.com/SimplyVC/oasis_api_server/src/handlers/registry_handler.go:107.2,108.15 2 0
github.com/SimplyVC/oasis_api_server/src/handlers/registry_handler.go:114.2,115.60 2 0
github.com/SimplyVC/oasis_api_server/src/handlers/registry_handler.go:80.27,84.3 2 0
github.com/SimplyVC/oasis_api_server/src/handlers/registry_handler.go:88.18,92.3 2 0
github.com/SimplyVC/oasis_api_server/src/handlers/registry_handler.go:101.14,105.3 2 0
github.com/SimplyVC/oasis_api_server/src/handlers/registry_handler.go:108.15,112.3 3 0
github.com/SimplyVC/oasis_api_server/src/handlers/registry_handler.go:119.58,125.27 4 0
github.com/SimplyVC/oasis_api_server/src/handlers/registry_handler.go:131.2,133.18 3 0
github.com/SimplyVC/oasis_api_server/src/handlers/registry_handler.go:140.2,146.14 3 0
github.com/SimplyVC/oasis_api_server/src/handlers/registry_handler.go:152.2,153.15 2 0
github.com/SimplyVC/oasis_api_server/src/handlers/registry_handler.go:159.2,160.66 2 0
github.com/SimplyVC/oasis_api_server/src/handlers/registry_handler.go:125.27,129.3 2 0
github.com/SimplyVC/oasis_api_server/src/handlers/registry_handler.go:133.18,137.3 2 0
github.com/SimplyVC/oasis_api_server/src/handlers/registry_handler.go:146.14,150.3 2 0
github.com/SimplyVC/oasis_api_server/src/handlers/registry_handler.go:153.15,157.3 3 0
github.com/SimplyVC/oasis_api_server/src/handlers/registry_handler.go:164.58,170.27 4 0
github.com/SimplyVC/oasis_api_server/src/handlers/registry_handler.go:176.2,178.18 3 0
github.com/SimplyVC/oasis_api_server/src/handlers/registry_handler.go:185.2,191.14 3 0
github.com/SimplyVC/oasis_api_server/src/handlers/registry_handler.go:197.2,198.15 2 0
github.com/SimplyVC/oasis_api_server/src/handlers/registry_handler.go:204.2,205.66 2 0
github.com/SimplyVC/oasis_api_server/src/handlers/registry_handler.go:170.27,174.3 2 0
github.com/SimplyVC/oasis_api_server/src/handlers/registry_handler.go:178.18,182.3 2 0
github.com/SimplyVC/oasis_api_server/src/handlers/registry_handler.go:191.14,195.3 2 0
github.com/SimplyVC/oasis_api_server/src/handlers/registry_handler.go:198.15,202.3 3 0
github.com/SimplyVC/oasis_api_server/src/handlers/registry_handler.go:209.72,215.27 4 0
github.com/SimplyVC/oasis_api_server/src/handlers/registry_handler.go:221.2,223.18 3 0
github.com/SimplyVC/oasis_api_server/src/handlers/registry_handler.go:230.2,236.14 3 0
github.com/SimplyVC/oasis_api_server/src/handlers/registry_handler.go:242.2,243.15 2 0
github.com/SimplyVC/oasis_api_server/src/handlers/registry_handler.go:249.2,250.80 2 0
github.com/SimplyVC/oasis_api_server/src/handlers/registry_handler.go:215.27,219.3 2 0
github.com/SimplyVC/oasis_api_server/src/handlers/registry_handler.go:223.18,227.3 2 0
github.com/SimplyVC/oasis_api_server/src/handlers/registry_handler.go:236.14,240.3 2 0
github.com/SimplyVC/oasis_api_server/src/handlers/registry_handler.go:243.15,247.3 3 0
github.com/SimplyVC/oasis_api_server/src/handlers/registry_handler.go:255.56,261.27 4 0
github.com/SimplyVC/oasis_api_server/src/handlers/registry_handler.go:267.2,269.18 3 0
github.com/SimplyVC/oasis_api_server/src/handlers/registry_handler.go:274.2,277.24 3 0
github.com/SimplyVC/oasis_api_server/src/handlers/registry_handler.go:284.2,285.16 2 0
github.com/SimplyVC/oasis_api_server/src/handlers/registry_handler.go:292.2,298.14 3 0
github.com/SimplyVC/oasis_api_server/src/handlers/registry_handler.go:304.2,307.15 3 0
github.com/SimplyVC/oasis_api_server/src/handlers/registry_handler.go:313.2,314.78 2 0
github.com/SimplyVC/oasis_api_server/src/handlers/registry_handler.go:261.27,265.3 2 0
github.com/SimplyVC/oasis_api_server/src/handlers/registry_handler.go:269.18,273.3 2 0
github.com/SimplyVC/oasis_api_server/src/handlers/registry_handler.go:277.24,282.3 3 0
github.com/SimplyVC/oasis_api_server/src/handlers/registry_handler.go:285.16,289.3 3 0
github.com/SimplyVC/oasis_api_server/src/handlers/registry_handler.go:298.14,302.3 2 0
github.com/SimplyVC/oasis_api_server/src/handlers/registry_handler.go:307.15,311.3 3 0
github.com/SimplyVC/oasis_api_server/src/handlers/registry_handler.go:319.54,325.27 4 0
github.com/SimplyVC/oasis_api_server/src/handlers/registry_handler.go:331.2,333.18 3 0
github.com/SimplyVC/oasis_api_server/src/handlers/registry_handler.go:340.2,344.22 4 0
github.com/SimplyVC/oasis_api_server/src/handlers/registry_handler.go:351.2,352.16 2 0
github.com/SimplyVC/oasis_api_server/src/handlers/registry_handler.go:359.2,365.14 3 0
github.com/SimplyVC/oasis_api_server/src/handlers/registry_handler.go:371.2,374.15 3 0
github.com/SimplyVC/oasis_api_server/src/handlers/registry_handler.go:380.2,381.74 2 0
github.com/SimplyVC/oasis_api_server/src/handlers/registry_handler.go:325.27,329.3 2 0
github.com/SimplyVC/oasis_api_server/src/handlers/registry_handler.go:333.18,337.3 2 0
github.com/SimplyVC/oasis_api_server/src/handlers/registry_handler.go:344.22,349.3 3 0
github.com/SimplyVC/oasis_api_server/src/handlers/registry_handler.go:352.16,356.3 3 0
github.com/SimplyVC/oasis_api_server/src/handlers/registry_handler.go:365.14,369.3 2 0
github.com/SimplyVC/oasis_api_server/src/handlers/registry_handler.go:374.15,378.3 3 0
github.com/SimplyVC/oasis_api_server/src/handlers/registry_handler.go:385.57,391.27 4 0
github.com/SimplyVC/oasis_api_server/src/handlers/registry_handler.go:397.2,399.18 3 0
github.com/SimplyVC/oasis_api_server/src/handlers/registry_handler.go:406.2,409.23 3 0
github.com/SimplyVC/oasis_api_server/src/handlers/registry_handler.go:416.2,417.16 2 0
github.com/SimplyVC/oasis_api_server/src/handlers/registry_handler.go:424.2,430.14 3 0
github.com/SimplyVC/oasis_api_server/src/handlers/registry_handler.go:436.2,439.15 3 0
github.com/SimplyVC/oasis_api_server/src/handlers/registry_handler.go:445.2,446.72 2 0
github.com/SimplyVC/oasis_api_server/src/handlers/registry_handler.go:391.27,395.3 2 0
github.com/SimplyVC/oasis_api_server/src/handlers/registry_handler.go:399.18,403.3 2 0
github.com/SimplyVC/oasis_api_server/src/handlers/registry_handler.go:409.23,414.3 3 0
github.com/SimplyVC/oasis_api_server/src/handlers/registry_handler.go:417.16,421.3 3 0
github.com/SimplyVC/oasis_api_server/src/handlers/registry_handler.go:430.14,434.3 2 0
github.com/SimplyVC/oasis_api_server/src/handlers/registry_handler.go:439.15,443.3 3 0
github.com/SimplyVC/oasis_api_server/src/handlers/scheduler_handler.go:17.78,20.16 2 0
github.com/SimplyVC/oasis_api_server/src/handlers/scheduler_handler.go:24.2,24.36 1 0
github.com/SimplyVC/oasis_api_server/src/handlers/scheduler_handler.go:20.16,23.3 2 0
github.com/SimplyVC/oasis_api_server/src/handlers/scheduler_handler.go:28.60,34.27 4 0
github.com/SimplyVC/oasis_api_server/src/handlers/scheduler_handler.go:40.2,42.18 3 0
github.com/SimplyVC/oasis_api_server/src/handlers/scheduler_handler.go:49.2,55.14 3 0
github.com/SimplyVC/oasis_api_server/src/handlers/scheduler_handler.go:61.2,62.15 2 0
github.com/SimplyVC/oasis_api_server/src/handlers/scheduler_handler.go:68.2,69.70 2 0
github.com/SimplyVC/oasis_api_server/src/handlers/scheduler_handler.go:34.27,38.3 2 0
github.com/SimplyVC/oasis_api_server/src/handlers/scheduler_handler.go:42.18,46.3 2 0
github.com/SimplyVC/oasis_api_server/src/handlers/scheduler_handler.go:55.14,59.3 2 0
github.com/SimplyVC/oasis_api_server/src/handlers/scheduler_handler.go:62.15,66.3 3 0
github.com/SimplyVC/oasis_api_server/src/handlers/scheduler_handler.go:75.60,81.27 4 0
github.com/SimplyVC/oasis_api_server/src/handlers/scheduler_handler.go:87.2,89.18 3 0
github.com/SimplyVC/oasis_api_server/src/handlers/scheduler_handler.go:97.2,100.23 3 0
github.com/SimplyVC/oasis_api_server/src/handlers/scheduler_handler.go:107.2,108.16 2 0
github.com/SimplyVC/oasis_api_server/src/handlers/scheduler_handler.go:115.2,121.14 3 0
github.com/SimplyVC/oasis_api_server/src/handlers/scheduler_handler.go:127.2,130.15 3 0
github.com/SimplyVC/oasis_api_server/src/handlers/scheduler_handler.go:136.2,137.70 2 0
github.com/SimplyVC/oasis_api_server/src/handlers/scheduler_handler.go:81.27,85.3 2 0
github.com/SimplyVC/oasis_api_server/src/handlers/scheduler_handler.go:89.18,93.3 2 0
github.com/SimplyVC/oasis_api_server/src/handlers/scheduler_handler.go:100.23,105.3 3 0
github.com/SimplyVC/oasis_api_server/src/handlers/scheduler_handler.go:108.16,112.3 3 0
github.com/SimplyVC/oasis_api_server/src/handlers/scheduler_handler.go:121.14,125.3 2 0
github.com/SimplyVC/oasis_api_server/src/handlers/scheduler_handler.go:130.15,134.3 3 0
github.com/SimplyVC/oasis_api_server/src/handlers/scheduler_handler.go:141.73,147.27 4 0
github.com/SimplyVC/oasis_api_server/src/handlers/scheduler_handler.go:153.2,155.18 3 0
github.com/SimplyVC/oasis_api_server/src/handlers/scheduler_handler.go:162.2,168.14 3 0
github.com/SimplyVC/oasis_api_server/src/handlers/scheduler_handler.go:174.2,175.15 2 0
github.com/SimplyVC/oasis_api_server/src/handlers/scheduler_handler.go:181.2,182.77 2 0
github.com/SimplyVC/oasis_api_server/src/handlers/scheduler_handler.go:147.27,151.3 2 0
github.com/SimplyVC/oasis_api_server/src/handlers/scheduler_handler.go:155.18,159.3 2 0
github.com/SimplyVC/oasis_api_server/src/handlers/scheduler_handler.go:168.14,172.3 2 0
github.com/SimplyVC/oasis_api_server/src/handlers/scheduler_handler.go:175.15,179.3 3 0
github.com/SimplyVC/oasis_api_server/src/handlers/staking_handler.go:17.74,20.16 2 0
github.com/SimplyVC/oasis_api_server/src/handlers/staking_handler.go:24.2,24.34 1 0
github.com/SimplyVC/oasis_api_server/src/handlers/staking_handler.go:20.16,23.3 2 0
github.com/SimplyVC/oasis_api_server/src/handlers/staking_handler.go:28.61,34.27 4 0
github.com/SimplyVC/oasis_api_server/src/handlers/staking_handler.go:40.2,42.18 3 0
github.com/SimplyVC/oasis_api_server/src/handlers/staking_handler.go:49.2,55.14 3 0
github.com/SimplyVC/oasis_api_server/src/handlers/staking_handler.go:61.2,62.15 2 0
github.com/SimplyVC/oasis_api_server/src/handlers/staking_handler.go:68.2,69.69 2 0
github.com/SimplyVC/oasis_api_server/src/handlers/staking_handler.go:34.27,38.3 2 0
github.com/SimplyVC/oasis_api_server/src/handlers/staking_handler.go:42.18,46.3 2 0
github.com/SimplyVC/oasis_api_server/src/handlers/staking_handler.go:55.14,59.3 2 0
github.com/SimplyVC/oasis_api_server/src/handlers/staking_handler.go:62.15,66.3 3 0
github.com/SimplyVC/oasis_api_server/src/handlers/staking_handler.go:73.60,79.27 4 0
github.com/SimplyVC/oasis_api_server/src/handlers/staking_handler.go:85.2,87.18 3 0
github.com/SimplyVC/oasis_api_server/src/handlers/staking_handler.go:94.2,100.14 3 0
github.com/SimplyVC/oasis_api_server/src/handlers/staking_handler.go:106.2,107.15 2 0
github.com/SimplyVC/oasis_api_server/src/handlers/staking_handler.go:113.2,114.68 2 0
github.com/SimplyVC/oasis_api_server/src/handlers/staking_handler.go:79.27,83.3 2 0
github.com/SimplyVC/oasis_api_server/src/handlers/staking_handler.go:87.18,91.3 2 0
github.com/SimplyVC/oasis_api_server/src/handlers/staking_handler.go:100.14,104.3 2 0
github.com/SimplyVC/oasis_api_server/src/handlers/staking_handler.go:107.15,111.3 3 0
github.com/SimplyVC/oasis_api_server/src/handlers/staking_handler.go:118.71,124.27 4 0
github.com/SimplyVC/oasis_api_server/src/handlers/staking_handler.go:130.2,132.18 3 0
github.com/SimplyVC/oasis_api_server/src/handlers/staking_handler.go:139.2,145.14 3 0
github.com/SimplyVC/oasis_api_server/src/handlers/staking_handler.go:151.2,152.15 2 0
github.com/SimplyVC/oasis_api_server/src/handlers/staking_handler.go:158.2,159.78 2 0
github.com/SimplyVC/oasis_api_server/src/handlers/staking_handler.go:124.27,128.3 2 0
github.com/SimplyVC/oasis_api_server/src/handlers/staking_handler.go:132.18,136.3 2 0
github.com/SimplyVC/oasis_api_server/src/handlers/staking_handler.go:145.14,149.3 2 0
github.com/SimplyVC/oasis_api_server/src/handlers/staking_handler.go:152.15,156.3 3 0
github.com/SimplyVC/oasis_api_server/src/handlers/staking_handler.go:163.59,169.27 4 0
github.com/SimplyVC/oasis_api_server/src/handlers/staking_handler.go:175.2,177.18 3 0
github.com/SimplyVC/oasis_api_server/src/handlers/staking_handler.go:183.2,185.16 3 0
github.com/SimplyVC/oasis_api_server/src/handlers/staking_handler.go:192.2,198.14 3 0
github.com/SimplyVC/oasis_api_server/src/handlers/staking_handler.go:204.2,207.15 3 0
github.com/SimplyVC/oasis_api_server/src/handlers/staking_handler.go:213.2,214.67 2 0
github.com/SimplyVC/oasis_api_server/src/handlers/staking_handler.go:169.27,173.3 2 0
github.com/SimplyVC/oasis_api_server/src/handlers/staking_handler.go:177.18,181.3 2 0
github.com/SimplyVC/oasis_api_server/src/handlers/staking_handler.go:185.16,189.3 2 0
github.com/SimplyVC/oasis_api_server/src/handlers/staking_handler.go:198.14,202.3 2 0
github.com/SimplyVC/oasis_api_server/src/handlers/staking_handler.go:207.15,211.3 3 0
github.com/SimplyVC/oasis_api_server/src/handlers/staking_handler.go:218.58,224.27 4 0
github.com/SimplyVC/oasis_api_server/src/handlers/staking_handler.go:230.2,232.18 3 0
github.com/SimplyVC/oasis_api_server/src/handlers/staking_handler.go:239.2,245.14 3 0
github.com/SimplyVC/oasis_api_server/src/handlers/staking_handler.go:250.2,251.15 2 0
github.com/SimplyVC/oasis_api_server/src/handlers/staking_handler.go:257.2,258.69 2 0
github.com/SimplyVC/oasis_api_server/src/handlers/staking_handler.go:224.27,228.3 2 0
github.com/SimplyVC/oasis_api_server/src/handlers/staking_handler.go:232.18,236.3 2 0
github.com/SimplyVC/oasis_api_server/src/handlers/staking_handler.go:245.14,249.3 2 0
github.com/SimplyVC/oasis_api_server/src/handlers/staking_handler.go:251.15,255.3 3 0
github.com/SimplyVC/oasis_api_server/src/handlers/staking_handler.go:262.61,268.27 4 0
github.com/SimplyVC/oasis_api_server/src/handlers/staking_handler.go:274.2,276.18 3 0
github.com/SimplyVC/oasis_api_server/src/handlers/staking_handler.go:284.2,288.24 4 0
github.com/SimplyVC/oasis_api_server/src/handlers/staking_handler.go:295.2,296.16 2 0
github.com/SimplyVC/oasis_api_server/src/handlers/staking_handler.go:303.2,309.14 3 0
github.com/SimplyVC/oasis_api_server/src/handlers/staking_handler.go:315.2,318.15 3 0
github.com/SimplyVC/oasis_api_server/src/handlers/staking_handler.go:324.2,325.64 2 0
github.com/SimplyVC/oasis_api_server/src/handlers/staking_handler.go:268.27,272.3 2 0
github.com/SimplyVC/oasis_api_server/src/handlers/staking_handler.go:276.18,280.3 2 0
github.com/SimplyVC/oasis_api_server/src/handlers/staking_handler.go:288.24,293.3 3 0
github.com/SimplyVC/oasis_api_server/src/handlers/staking_handler.go:296.16,300.3 3 0
github.com/SimplyVC/oasis_api_server/src/handlers/staking_handler.go:309.14,313.3 2 0
github.com/SimplyVC/oasis_api_server/src/handlers/staking_handler.go:318.15,322.3 3 0
github.com/SimplyVC/oasis_api_server/src/handlers/staking_handler.go:329.61,335.27 4 0
github.com/SimplyVC/oasis_api_server/src/handlers/staking_handler.go:341.2,343.18 3 0
github.com/SimplyVC/oasis_api_server/src/handlers/staking_handler.go:351.2,355.24 4 0
github.com/SimplyVC/oasis_api_server/src/handlers/staking_handler.go:362.2,363.16 2 0
github.com/SimplyVC/oasis_api_server/src/handlers/staking_handler.go:370.2,376.14 3 0
github.com/SimplyVC/oasis_api_server/src/handlers/staking_handler.go:382.2,385.15 3 0
github.com/SimplyVC/oasis_api_server/src/handlers/staking_handler.go:391.2,392.72 2 0
github.com/SimplyVC/oasis_api_server/src/handlers/staking_handler.go:335.27,339.3 2 0
github.com/SimplyVC/oasis_api_server/src/handlers/staking_handler.go:343.18,347.3 2 0
github.com/SimplyVC/oasis_api_server/src/handlers/staking_handler.go:355.24,360.3 3 0
github.com/SimplyVC/oasis_api_server/src/handlers/staking_handler.go:363.16,367.3 3 0
github.com/SimplyVC/oasis_api_server/src/handlers/staking_handler.go:376.14,380.3 2 0
github.com/SimplyVC/oasis_api_server/src/handlers/staking_handler.go:385.15,389.3 3 0
github.com/SimplyVC/oasis_api_server/src/handlers/staking_handler.go:396.70,402.27 4 0
github.com/SimplyVC/oasis_api_server/src/handlers/staking_handler.go:408.2,410.18 3 0
github.com/SimplyVC/oasis_api_server/src/handlers/staking_handler.go:418.2,422.24 4 0
github.com/SimplyVC/oasis_api_server/src/handlers/staking_handler.go:429.2,430.16 2 0
github.com/SimplyVC/oasis_api_server/src/handlers/staking_handler.go:437.2,443.14 3 0
github.com/SimplyVC/oasis_api_server/src/handlers/staking_handler.go:449.2,452.15 3 0
github.com/SimplyVC/oasis_api_server/src/handlers/staking_handler.go:458.2,459.90 2 0
github.com/SimplyVC/oasis_api_server/src/handlers/staking_handler.go:402.27,406.3 2 0
github.com/SimplyVC/oasis_api_server/src/handlers/staking_handler.go:410.18,414.3 2 0
github.com/SimplyVC/oasis_api_server/src/handlers/staking_handler.go:422.24,427.3 3 0
github.com/SimplyVC/oasis_api_server/src/handlers/staking_handler.go:430.16,434.3 3 0
github.com/SimplyVC/oasis_api_server/src/handlers/staking_handler.go:443.14,447.3 2 0
github.com/SimplyVC/oasis_api_server/src/handlers/staking_handler.go:452.15,456.3 3 0
github.com/SimplyVC/oasis_api_server/src/handlers/utils.go:12.52,15.36 2 23
github.com/SimplyVC/oasis_api_server/src/handlers/utils.go:23.2,24.18 2 8
github.com/SimplyVC/oasis_api_server/src/handlers/utils.go:15.36,17.39 1 51
github.com/SimplyVC/oasis_api_server/src/handlers/utils.go:17.39,20.4 2 15
github.com/SimplyVC/oasis_api_server/src/handlers/utils.go:28.43,32.25 2 14
github.com/SimplyVC/oasis_api_server/src/handlers/utils.go:46.2,46.15 1 7
github.com/SimplyVC/oasis_api_server/src/handlers/utils.go:32.25,35.3 2 0
github.com/SimplyVC/oasis_api_server/src/handlers/utils.go:35.7,38.17 2 14
github.com/SimplyVC/oasis_api_server/src/handlers/utils.go:44.3,44.54 1 7
github.com/SimplyVC/oasis_api_server/src/handlers/utils.go:38.17,42.4 2 7
github.com/SimplyVC/oasis_api_server/src/handlers/utils.go:50.39,54.23 2 0
github.com/SimplyVC/oasis_api_server/src/handlers/utils.go:68.2,68.13 1 0
github.com/SimplyVC/oasis_api_server/src/handlers/utils.go:54.23,57.3 2 0
github.com/SimplyVC/oasis_api_server/src/handlers/utils.go:57.7,60.17 2 0
github.com/SimplyVC/oasis_api_server/src/handlers/utils.go:66.3,66.50 1 0
github.com/SimplyVC/oasis_api_server/src/handlers/utils.go:60.17,64.4 2 0
github.com/SimplyVC/oasis_api_server/src/handlers/utils.go:72.43,76.25 2 0
github.com/SimplyVC/oasis_api_server/src/handlers/utils.go:90.2,90.15 1 0
github.com/SimplyVC/oasis_api_server/src/handlers/utils.go:76.25,79.3 2 0
github.com/SimplyVC/oasis_api_server/src/handlers/utils.go:79.7,82.17 2 0
github.com/SimplyVC/oasis_api_server/src/handlers/utils.go:88.3,88.54 1 0
github.com/SimplyVC/oasis_api_server/src/handlers/utils.go:82.17,86.4 2 0
github.com/SimplyVC/oasis_api_server/src/handlers/consensus_handler.go:20.84,23.16 2 6
github.com/SimplyVC/oasis_api_server/src/handlers/consensus_handler.go:27.2,27.36 1 6
github.com/SimplyVC/oasis_api_server/src/handlers/consensus_handler.go:23.16,26.3 2 0
github.com/SimplyVC/oasis_api_server/src/handlers/consensus_handler.go:31.73,37.27 4 4
github.com/SimplyVC/oasis_api_server/src/handlers/consensus_handler.go:43.2,45.18 3 3
github.com/SimplyVC/oasis_api_server/src/handlers/consensus_handler.go:52.2,58.14 3 2
github.com/SimplyVC/oasis_api_server/src/handlers/consensus_handler.go:64.2,65.15 2 2
github.com/SimplyVC/oasis_api_server/src/handlers/consensus_handler.go:71.2,72.82 2 1
github.com/SimplyVC/oasis_api_server/src/handlers/consensus_handler.go:37.27,41.3 2 1
github.com/SimplyVC/oasis_api_server/src/handlers/consensus_handler.go:45.18,49.3 2 1
github.com/SimplyVC/oasis_api_server/src/handlers/consensus_handler.go:58.14,62.3 2 0
github.com/SimplyVC/oasis_api_server/src/handlers/consensus_handler.go:65.15,69.3 3 1
github.com/SimplyVC/oasis_api_server/src/handlers/consensus_handler.go:76.55,82.27 4 3
github.com/SimplyVC/oasis_api_server/src/handlers/consensus_handler.go:88.2,90.18 3 2
github.com/SimplyVC/oasis_api_server/src/handlers/consensus_handler.go:97.2,103.14 3 1
github.com/SimplyVC/oasis_api_server/src/handlers/consensus_handler.go:109.2,110.15 2 1
github.com/SimplyVC/oasis_api_server/src/handlers/consensus_handler.go:116.2,117.60 2 1
github.com/SimplyVC/oasis_api_server/src/handlers/consensus_handler.go:82.27,86.3 2 1
github.com/SimplyVC/oasis_api_server/src/handlers/consensus_handler.go:90.18,94.3 2 1
github.com/SimplyVC/oasis_api_server/src/handlers/consensus_handler.go:103.14,107.3 2 0
github.com/SimplyVC/oasis_api_server/src/handlers/consensus_handler.go:110.15,114.3 3 0
github.com/SimplyVC/oasis_api_server/src/handlers/consensus_handler.go:121.55,127.28 4 3
github.com/SimplyVC/oasis_api_server/src/handlers/consensus_handler.go:133.3,135.19 3 2
github.com/SimplyVC/oasis_api_server/src/handlers/consensus_handler.go:142.3,148.15 3 1
github.com/SimplyVC/oasis_api_server/src/handlers/consensus_handler.go:154.3,155.16 2 1
github.com/SimplyVC/oasis_api_server/src/handlers/consensus_handler.go:161.3,162.59 2 1
github.com/SimplyVC/oasis_api_server/src/handlers/consensus_handler.go:127.28,131.4 2 1
github.com/SimplyVC/oasis_api_server/src/handlers/consensus_handler.go:135.19,139.4 2 1
github.com/SimplyVC/oasis_api_server/src/handlers/consensus_handler.go:148.15,152.4 2 0
github.com/SimplyVC/oasis_api_server/src/handlers/consensus_handler.go:155.16,159.4 3 0
github.com/SimplyVC/oasis_api_server/src/handlers/consensus_handler.go:167.61,173.27 4 3
github.com/SimplyVC/oasis_api_server/src/handlers/consensus_handler.go:179.2,181.18 3 2
github.com/SimplyVC/oasis_api_server/src/handlers/consensus_handler.go:188.2,194.14 3 1
github.com/SimplyVC/oasis_api_server/src/handlers/consensus_handler.go:200.2,201.15 2 1
github.com/SimplyVC/oasis_api_server/src/handlers/consensus_handler.go:207.2,208.56 2 1
github.com/SimplyVC/oasis_api_server/src/handlers/consensus_handler.go:214.2,215.72 2 1
github.com/SimplyVC/oasis_api_server/src/handlers/consensus_handler.go:173.27,177.3 2 1
github.com/SimplyVC/oasis_api_server/src/handlers/consensus_handler.go:181.18,185.3 2 1
github.com/SimplyVC/oasis_api_server/src/handlers/consensus_handler.go:194.14,198.3 2 0
github.com/SimplyVC/oasis_api_server/src/handlers/consensus_handler.go:201.15,205.3 3 0
github.com/SimplyVC/oasis_api_server/src/handlers/consensus_handler.go:208.56,212.3 3 0
github.com/SimplyVC/oasis_api_server/src/handlers/consensus_handler.go:220.65,226.27 4 3
github.com/SimplyVC/oasis_api_server/src/handlers/consensus_handler.go:232.2,234.18 3 2
github.com/SimplyVC/oasis_api_server/src/handlers/consensus_handler.go:241.2,247.14 3 1
github.com/SimplyVC/oasis_api_server/src/handlers/consensus_handler.go:253.2,254.15 2 1
github.com/SimplyVC/oasis_api_server/src/handlers/consensus_handler.go:259.2,260.56 2 1
github.com/SimplyVC/oasis_api_server/src/handlers/consensus_handler.go:265.2,266.80 2 1
github.com/SimplyVC/oasis_api_server/src/handlers/consensus_handler.go:226.27,230.3 2 1
github.com/SimplyVC/oasis_api_server/src/handlers/consensus_handler.go:234.18,238.3 2 1
github.com/SimplyVC/oasis_api_server/src/handlers/consensus_handler.go:247.14,251.3 2 0
github.com/SimplyVC/oasis_api_server/src/handlers/consensus_handler.go:254.15,258.3 3 0
github.com/SimplyVC/oasis_api_server/src/handlers/consensus_handler.go:260.56,264.3 3 0
github.com/SimplyVC/oasis_api_server/src/handlers/consensus_handler.go:271.62,277.27 4 2
github.com/SimplyVC/oasis_api_server/src/handlers/consensus_handler.go:283.2,285.18 3 1
github.com/SimplyVC/oasis_api_server/src/handlers/consensus_handler.go:292.2,298.14 3 0
github.com/SimplyVC/oasis_api_server/src/handlers/consensus_handler.go:305.2,306.15 2 0
github.com/SimplyVC/oasis_api_server/src/handlers/consensus_handler.go:312.2,313.74 2 0
github.com/SimplyVC/oasis_api_server/src/handlers/consensus_handler.go:277.27,281.3 2 1
github.com/SimplyVC/oasis_api_server/src/handlers/consensus_handler.go:285.18,289.3 2 1
github.com/SimplyVC/oasis_api_server/src/handlers/consensus_handler.go:298.14,302.3 2 0
github.com/SimplyVC/oasis_api_server/src/handlers/consensus_handler.go:306.15,310.3 3 0
